   Compiling sync v0.1.0 (/home/hanh/projects/sync)
warning: unused import: `zcash_primitives::transaction::components::OutputDescription`
 --> src/chain.rs:9:5
  |
9 | use zcash_primitives::transaction::components::OutputDescription;
  |     ^^^^^^^^^^^^^^^^^^^^^^^^^^^^^^^^^^^^^^^^^^^^^^^^^^^^^^^^^^^^
  |
  = note: `#[warn(unused_imports)]` on by default

warning: unused import: `jubjub::Scalar`
  --> src/chain.rs:10:5
   |
10 | use jubjub::Scalar;
   |     ^^^^^^^^^^^^^^

warning: unused import: `tokio::runtime::Runtime`
  --> src/chain.rs:14:5
   |
14 | use tokio::runtime::Runtime;
   |     ^^^^^^^^^^^^^^^^^^^^^^^

warning: unused imports: `Arc`, `Mutex`
  --> src/chain.rs:15:17
   |
15 | use std::sync::{Arc, Mutex};
   |                 ^^^  ^^^^^

warning: unused import: `tokio::task::JoinHandle`
  --> src/chain.rs:16:5
   |
16 | use tokio::task::JoinHandle;
   |     ^^^^^^^^^^^^^^^^^^^^^^^

warning: unused import: `futures::future::JoinAll`
  --> src/chain.rs:17:5
   |
17 | use futures::future::JoinAll;
   |     ^^^^^^^^^^^^^^^^^^^^^^^^

warning: unused import: `tokio::runtime::Runtime`
   --> src/chain.rs:104:9
    |
104 |     use tokio::runtime::Runtime;
    |         ^^^^^^^^^^^^^^^^^^^^^^^

warning: unused import: `zcash_primitives::transaction::components::OutputDescription`
 --> src/chain.rs:9:5
  |
9 | use zcash_primitives::transaction::components::OutputDescription;
  |     ^^^^^^^^^^^^^^^^^^^^^^^^^^^^^^^^^^^^^^^^^^^^^^^^^^^^^^^^^^^^
  |
  = note: `#[warn(unused_imports)]` on by default

warning: unused import: `jubjub::Scalar`
  --> src/chain.rs:10:5
   |
10 | use jubjub::Scalar;
   |     ^^^^^^^^^^^^^^

warning: unused import: `tokio::runtime::Runtime`
  --> src/chain.rs:14:5
   |
14 | use tokio::runtime::Runtime;
   |     ^^^^^^^^^^^^^^^^^^^^^^^

warning: unused imports: `Arc`, `Mutex`
  --> src/chain.rs:15:17
   |
15 | use std::sync::{Arc, Mutex};
   |                 ^^^  ^^^^^

warning: unused import: `tokio::task::JoinHandle`
  --> src/chain.rs:16:5
   |
16 | use tokio::task::JoinHandle;
   |     ^^^^^^^^^^^^^^^^^^^^^^^

warning: unused import: `futures::future::JoinAll`
  --> src/chain.rs:17:5
   |
17 | use futures::future::JoinAll;
   |     ^^^^^^^^^^^^^^^^^^^^^^^^

warning: constant is never used: `MAX_CHUNK`
  --> src/chain.rs:20:1
   |
20 | const MAX_CHUNK: u32 = 50000;
   | ^^^^^^^^^^^^^^^^^^^^^^^^^^^^^
   |
   = note: `#[warn(dead_code)]` on by default

warning: function is never used: `get_latest_height`
  --> src/chain.rs:22:14
   |
22 | pub async fn get_latest_height(
   |              ^^^^^^^^^^^^^^^^^

warning: function is never used: `download_chain`
  --> src/chain.rs:32:14
   |
32 | pub async fn download_chain(
   |              ^^^^^^^^^^^^^^

warning: struct is never constructed: `DecryptNode`
  --> src/chain.rs:55:8
   |
55 | struct DecryptNode {
   |        ^^^^^^^^^^^

warning: function is never used: `decrypt_notes`
  --> src/chain.rs:59:4
   |
59 | fn decrypt_notes(block: &CompactBlock, ivks: &[SaplingIvk]) {
   |    ^^^^^^^^^^^^^

warning: associated function is never used: `new`
  --> src/chain.rs:84:12
   |
84 |     pub fn new(ivks: Vec<SaplingIvk>) -> DecryptNode {
   |            ^^^

warning: associated function is never used: `decrypt_blocks`
  --> src/chain.rs:89:12
   |
89 |     pub fn decrypt_blocks(&self, blocks: &[CompactBlock]) {
   |            ^^^^^^^^^^^^^^

warning: 13 warnings emitted

warning: 7 warnings emitted

    Finished release [optimized] target(s) in 5.46s
     Running target/release/deps/sync-40a700cf0ceeec0a
419201
469202
519203
569204
619205
669206
719207
769208
819209
869210
919211
969212
1019213
1069214
1119215
1169216
1219217
1269218
Download chain: 5629 ms
Decrypt Notes: 5917 ms
     Running target/release/deps/sync-0273dad5347eddbd
   Doc-tests sync
